#-----------------------------------------------------------
# Vivado v2014.1 (64-bit)
# SW Build 881834 on Fri Apr  4 13:56:21 MDT 2014
# IP Build 877625 on Fri Mar 28 16:29:15 MDT 2014
# Start of session at: Tue Jun  3 08:44:02 2014
# Process ID: 326
# Log file: /home/jared/Research/Zynq_PL/vivado.log
# Journal file: /home/jared/Research/Zynq_PL/vivado.jou
#-----------------------------------------------------------
start_gui
WARNING: [Board 49-26] cannot add Board Part xilinx.com:zc706:part0:1.0 available at /opt/Xilinx/Vivado/2014.1/data/boards/board_parts/zynq/zc706/1.0/board_part.xml as part xc7z045ffg900-2 specified in board_part file is either invalid or not available
WARNING: [Board 49-26] cannot add Board Part xilinx.com:zc706:part0:0.9 available at /opt/Xilinx/Vivado/2014.1/data/boards/board_parts/zynq/zc706/0.9/board_part.xml as part xc7z045ffg900-2 specified in board_part file is either invalid or not available
create_project project_1 /home/jared/Research/Zynq_PL/project_1 -part xc7z020clg484-1
set_property board_part xilinx.com:zc702:part0:1.0 [current_project]
INFO: [IP_Flow 19-234] Refreshing IP repositories
INFO: [IP_Flow 19-1704] No user IP repositories specified
INFO: [IP_Flow 19-2313] Loaded Vivado IP repository '/opt/Xilinx/Vivado/2014.1/data/ip'.
create_bd_design "design_1"
Wrote  : </home/jared/Research/Zynq_PL/project_1/project_1.srcs/sources_1/bd/design_1/design_1.bd> 
create_bd_design: Time (s): cpu = 00:00:12 ; elapsed = 00:00:10 . Memory (MB): peak = 4741.891 ; gain = 117.098
startgroup
create_bd_cell -type ip -vlnv xilinx.com:ip:processing_system7:5.4 processing_system7_0
create_bd_cell: Time (s): cpu = 00:00:06 ; elapsed = 00:00:08 . Memory (MB): peak = 4768.797 ; gain = 20.309
endgroup
apply_bd_automation -rule xilinx.com:bd_rule:processing_system7 -config {make_external "FIXED_IO, DDR" apply_board_preset "1" Master "Disable" Slave "Disable" }  [get_bd_cells processing_system7_0]
apply_bd_automation: Time (s): cpu = 00:00:06 ; elapsed = 00:00:06 . Memory (MB): peak = 4790.000 ; gain = 1.887
exit
INFO: [Common 17-206] Exiting Vivado at Tue Jun  3 08:50:09 2014...
