#-----------------------------------------------------------
# Vivado v2014.2 (64-bit)
# SW Build 932637 on Wed Jun 11 13:08:52 MDT 2014
# IP Build 924643 on Fri May 30 09:20:16 MDT 2014
# Start of session at: Wed Sep  3 19:27:54 2014
# Process ID: 6254
# Log file: /home/jared/Research/workspace/webtalk/vivado.log
# Journal file: /home/jared/Research/workspace/webtalk/vivado.jou
#-----------------------------------------------------------
source sdk.tcl
# webtalk_init -webtalk_dir /home/jared/Research/workspace/webtalk
# webtalk_register_client -client project
# webtalk_add_data -client project -key date_generated -value "Wed Sep 3 19:27:53 2014" -context "software_version_and_target_device"
# webtalk_add_data -client project -key product_version -value "SDK v2014.2" -context "software_version_and_target_device"
# webtalk_add_data -client project -key build_version -value "2014.2" -context "software_version_and_target_device"
# webtalk_add_data -client project -key os_platform -value "amd64" -context "software_version_and_target_device"
# webtalk_add_data -client project -key registration_id -value "NA" -context "software_version_and_target_device"
# webtalk_add_data -client project -key tool_flow -value "SDK" -context "software_version_and_target_device"
# webtalk_add_data -client project -key beta -value "false" -context "software_version_and_target_device"
# webtalk_add_data -client project -key route_design -value "NA" -context "software_version_and_target_device"
# webtalk_add_data -client project -key target_family -value "NA" -context "software_version_and_target_device"
# webtalk_add_data -client project -key target_device -value "NA" -context "software_version_and_target_device"
# webtalk_add_data -client project -key target_package -value "NA" -context "software_version_and_target_device"
# webtalk_add_data -client project -key target_speed -value "NA" -context "software_version_and_target_device"
# webtalk_add_data -client project -key random_id -value "q8msibutkf358enumn096n4baf" -context "software_version_and_target_device"
# webtalk_add_data -client project -key project_id -value "2014.2_1" -context "software_version_and_target_device"
# webtalk_add_data -client project -key project_iteration -value "1" -context "software_version_and_target_device"
# webtalk_add_data -client project -key os_name -value "Ubuntu" -context "user_environment"
# webtalk_add_data -client project -key os_release -value "Ubuntu 14.04.1 LTS" -context "user_environment"
# webtalk_add_data -client project -key cpu_name -value "Intel(R) Core(TM) i7-4500U CPU @ 1.80GHz" -context "user_environment"
# webtalk_add_data -client project -key cpu_speed -value "2401.000 MHz" -context "user_environment"
# webtalk_add_data -client project -key total_processors -value "1" -context "user_environment"
# webtalk_add_data -client project -key system_ram -value "8.000 GB" -context "user_environment"
# webtalk_register_client -client sdk
# webtalk_add_data -client sdk -key uid -value "1409786706000" -context "sdk\\\\hardware/1409786706000"
# webtalk_add_data -client sdk -key isZynq -value "true" -context "sdk\\\\hardware/1409786706000"
# webtalk_add_data -client sdk -key Processors -value "2" -context "sdk\\\\hardware/1409786706000"
# webtalk_add_data -client sdk -key VivadoVersion -value "2014.2.0" -context "sdk\\\\hardware/1409786706000"
# webtalk_add_data -client sdk -key Arch -value "zynq" -context "sdk\\\\hardware/1409786706000"
# webtalk_add_data -client sdk -key Device -value "7z020" -context "sdk\\\\hardware/1409786706000"
# webtalk_add_data -client sdk -key IsHandoff -value "false" -context "sdk\\\\hardware/1409786706000"
# webtalk_add_data -client sdk -key uid -value "1409786706000" -context "sdk\\\\bsp/1409786706000"
# webtalk_add_data -client sdk -key hwid -value "1409786706000" -context "sdk\\\\bsp/1409786706000"
# webtalk_add_data -client sdk -key os -value "standalone" -context "sdk\\\\bsp/1409786706000"
# webtalk_add_data -client sdk -key apptemplate -value "zynq_fsbl" -context "sdk\\\\bsp/1409786706000"
# webtalk_add_data -client sdk -key uid -value "1409786710000" -context "sdk\\\\application/1409786710000"
# webtalk_add_data -client sdk -key hwid -value "1409786706000" -context "sdk\\\\application/1409786710000"
# webtalk_add_data -client sdk -key bspid -value "1409786706000" -context "sdk\\\\application/1409786710000"
# webtalk_add_data -client sdk -key newbsp -value "true" -context "sdk\\\\application/1409786710000"
# webtalk_add_data -client sdk -key os -value "standalone" -context "sdk\\\\application/1409786710000"
# webtalk_add_data -client sdk -key apptemplate -value "zynq_fsbl" -context "sdk\\\\application/1409786710000"
# webtalk_transmit -clientid 804795027 -regid "NA" -xml /home/jared/Research/workspace/webtalk/usage_statistics_ext_sdk.xml -html /home/jared/Research/workspace/webtalk/usage_statistics_ext_sdk.html -wdm /home/jared/Research/workspace/webtalk/sdk.wdm -intro "<H3>SDK Usage Report</H3><BR>"
INFO: [Common 17-186] '/home/jared/Research/workspace/webtalk/usage_statistics_ext_sdk.xml' has been successfully sent to Xilinx on Wed Sep  3 19:28:00 2014. For additional details about this file, please refer to the WebTalk help file at /opt/Xilinx/Vivado/2014.2/doc/webtalk_introduction.html.
# webtalk_terminate
INFO: [Common 17-206] Exiting Vivado at Wed Sep  3 19:28:00 2014...
