#-----------------------------------------------------------
# Vivado v2014.2 (64-bit)
# SW Build 932637 on Wed Jun 11 13:08:52 MDT 2014
# IP Build 924643 on Fri May 30 09:20:16 MDT 2014
# Start of session at: Sun Oct  5 15:35:39 2014
# Process ID: 4665
# Log file: /home/jared/Research/vivado_workspace/jmb_ip/vivado.log
# Journal file: /home/jared/Research/vivado_workspace/jmb_ip/vivado.jou
#-----------------------------------------------------------
start_gui
CRITICAL WARNING: [Board 49-4] Problem parsing board_part file - /opt/Xilinx/Vivado/2014.2/data/boards/board_parts/zynq/zc706/1.0/board_part.xml, The board part 'xc7z045ffg900-2' is either not supported or invalid.
CRITICAL WARNING: [Board 49-4] Problem parsing board_part file - /opt/Xilinx/Vivado/2014.2/data/boards/board_parts/zynq/zc706/0.9/board_part.xml, The board part 'xc7z045ffg900-2' is either not supported or invalid.
CRITICAL WARNING: [Board 49-4] Problem parsing board_part file - /opt/Xilinx/Vivado/2014.2/data/boards/board_parts/kintex7/kc705/1.0/board_part.xml, The board part 'xc7k325tffg900-2' is either not supported or invalid.
CRITICAL WARNING: [Board 49-4] Problem parsing board_part file - /opt/Xilinx/Vivado/2014.2/data/boards/board_parts/kintex7/kc705/0.9/board_part.xml, The board part 'xc7k325tffg900-2' is either not supported or invalid.
create_project managed_ip_project /home/jared/Research/vivado_workspace/jmb_ip/managed_ip_project -part xc7z020clg484-1 -ip
INFO: [IP_Flow 19-234] Refreshing IP repositories
INFO: [IP_Flow 19-1704] No user IP repositories specified
INFO: [IP_Flow 19-2313] Loaded Vivado IP repository '/opt/Xilinx/Vivado/2014.2/data/ip'.
set_property board_part xilinx.com:zc702:part0:1.0 [current_project]
set_property target_simulator XSim [current_project]
INFO: [IP_Flow 19-1839] IP Catalog is up to date.
create_peripheral {RIT} {user} {jmb_unpacker} {1.0} -dir {/home/jared/Research/vivado_workspace/jmb_ip/ip_repo}
add_peripheral_interface {S00_AXIS} -interface_mode {slave} -axi_type {stream} [ipx::find_open_core RIT:user:jmb_unpacker:1.0]
generate_peripheral [ipx::find_open_core RIT:user:jmb_unpacker:1.0]
write_peripheral [ipx::find_open_core RIT:user:jmb_unpacker:1.0]
set_property ip_repo_paths  /home/jared/Research/vivado_workspace/jmb_ip/ip_repo/jmb_unpacker_1.0 [current_fileset]
update_ip_catalog -rebuild
INFO: [IP_Flow 19-234] Refreshing IP repositories
INFO: [IP_Flow 19-1700] Loaded user IP repository '/home/jared/Research/vivado_workspace/jmb_ip/ip_repo/jmb_unpacker_1.0'.
ipx::edit_ip_in_project -upgrade true -name {jmb_unpacker_v1.0_project} -directory {/home/jared/Research/vivado_workspace/jmb_ip/ip_repo/jmb_unpacker_1.0/jmb_unpacker_v1.0_project} {/home/jared/Research/vivado_workspace/jmb_ip/ip_repo/jmb_unpacker_1.0/component.xml}
INFO: [IP_Flow 19-234] Refreshing IP repositories
INFO: [IP_Flow 19-1700] Loaded user IP repository '/home/jared/Research/vivado_workspace/jmb_ip/ip_repo/jmb_unpacker_1.0'.
INFO: [IP_Flow 19-2313] Loaded Vivado IP repository '/opt/Xilinx/Vivado/2014.2/data/ip'.
update_compile_order -fileset sim_1
set_property enablement_presence {required} [ipx::get_user_parameter C_S00_AXIS_TDATA_WIDTH [ipx::current_core]]
set_property enablement_resolve_type {user} [ipx::get_user_parameter C_S00_AXIS_TDATA_WIDTH [ipx::current_core]]
set_property enablement_value true [ipx::get_user_parameter C_S00_AXIS_TDATA_WIDTH [ipx::current_core]]
close_project
exit
INFO: [Common 17-206] Exiting Vivado at Sun Oct  5 16:28:14 2014...
