This is pdfTeX, Version 3.14159265-2.6-1.40.15 (TeX Live 2014) (preloaded format=pdflatex 2014.8.27)  30 NOV 2014 16:09
entering extended mode
 \write18 enabled.
 %&-line parsing enabled.
**bold_paper.tex
(./bold_paper.tex
LaTeX2e <2014/05/01>
Babel <3.9k> and hyphenation patterns for 79 languages loaded.
(/usr/local/texlive/2014/texmf-dist/tex/latex/base/report.cls
Document Class: report 2007/10/19 v1.4h Standard LaTeX document class
(/usr/local/texlive/2014/texmf-dist/tex/latex/base/size12.clo
File: size12.clo 2007/10/19 v1.4h Standard LaTeX file (size option)
)
\c@part=\count79
\c@chapter=\count80
\c@section=\count81
\c@subsection=\count82
\c@subsubsection=\count83
\c@paragraph=\count84
\c@subparagraph=\count85
\c@figure=\count86
\c@table=\count87
\abovecaptionskip=\skip41
\belowcaptionskip=\skip42
\bibindent=\dimen102
)
(/usr/local/texlive/2014/texmf-dist/tex/latex/graphics/graphicx.sty
Package: graphicx 2014/04/25 v1.0g Enhanced LaTeX Graphics (DPC,SPQR)

(/usr/local/texlive/2014/texmf-dist/tex/latex/graphics/keyval.sty
Package: keyval 2014/05/08 v1.15 key=value parser (DPC)
\KV@toks@=\toks14
)
(/usr/local/texlive/2014/texmf-dist/tex/latex/graphics/graphics.sty
Package: graphics 2009/02/05 v1.0o Standard LaTeX Graphics (DPC,SPQR)

(/usr/local/texlive/2014/texmf-dist/tex/latex/graphics/trig.sty
Package: trig 1999/03/16 v1.09 sin cos tan (DPC)
)
(/usr/local/texlive/2014/texmf-dist/tex/latex/latexconfig/graphics.cfg
File: graphics.cfg 2010/04/23 v1.9 graphics configuration of TeX Live
)
Package graphics Info: Driver file: pdftex.def on input line 91.

(/usr/local/texlive/2014/texmf-dist/tex/latex/pdftex-def/pdftex.def
File: pdftex.def 2011/05/27 v0.06d Graphics/color for pdfTeX

(/usr/local/texlive/2014/texmf-dist/tex/generic/oberdiek/infwarerr.sty
Package: infwarerr 2010/04/08 v1.3 Providing info/warning/error messages (HO)
)
(/usr/local/texlive/2014/texmf-dist/tex/generic/oberdiek/ltxcmds.sty
Package: ltxcmds 2011/11/09 v1.22 LaTeX kernel commands for general use (HO)
)
\Gread@gobject=\count88
))
\Gin@req@height=\dimen103
\Gin@req@width=\dimen104
)
(./bold_style.sty
(/usr/local/texlive/2014/texmf-dist/tex/latex/amsmath/amsmath.sty
Package: amsmath 2013/01/14 v2.14 AMS math features
\@mathmargin=\skip43

For additional information on amsmath, use the `?' option.
(/usr/local/texlive/2014/texmf-dist/tex/latex/amsmath/amstext.sty
Package: amstext 2000/06/29 v2.01

(/usr/local/texlive/2014/texmf-dist/tex/latex/amsmath/amsgen.sty
File: amsgen.sty 1999/11/30 v2.0
\@emptytoks=\toks15
\ex@=\dimen105
))
(/usr/local/texlive/2014/texmf-dist/tex/latex/amsmath/amsbsy.sty
Package: amsbsy 1999/11/29 v1.2d
\pmbraise@=\dimen106
)
(/usr/local/texlive/2014/texmf-dist/tex/latex/amsmath/amsopn.sty
Package: amsopn 1999/12/14 v2.01 operator names
)
\inf@bad=\count89
LaTeX Info: Redefining \frac on input line 210.
\uproot@=\count90
\leftroot@=\count91
LaTeX Info: Redefining \overline on input line 306.
\classnum@=\count92
\DOTSCASE@=\count93
LaTeX Info: Redefining \ldots on input line 378.
LaTeX Info: Redefining \dots on input line 381.
LaTeX Info: Redefining \cdots on input line 466.
\Mathstrutbox@=\box26
\strutbox@=\box27
\big@size=\dimen107
LaTeX Font Info:    Redeclaring font encoding OML on input line 566.
LaTeX Font Info:    Redeclaring font encoding OMS on input line 567.
\macc@depth=\count94
\c@MaxMatrixCols=\count95
\dotsspace@=\muskip10
\c@parentequation=\count96
\dspbrk@lvl=\count97
\tag@help=\toks16
\row@=\count98
\column@=\count99
\maxfields@=\count100
\andhelp@=\toks17
\eqnshift@=\dimen108
\alignsep@=\dimen109
\tagshift@=\dimen110
\tagwidth@=\dimen111
\totwidth@=\dimen112
\lineht@=\dimen113
\@envbody=\toks18
\multlinegap=\skip44
\multlinetaggap=\skip45
\mathdisplay@stack=\toks19
LaTeX Info: Redefining \[ on input line 2665.
LaTeX Info: Redefining \] on input line 2666.
)
(/usr/local/texlive/2014/texmf-dist/tex/latex/setspace/setspace.sty
Package: setspace 2011/12/19 v6.7a set line spacing
)
(/usr/local/texlive/2014/texmf-dist/tex/latex/titlesec/titlesec.sty
Package: titlesec 2011/12/15 v2.10.0 Sectioning titles
\ttl@box=\box28
\beforetitleunit=\skip46
\aftertitleunit=\skip47
\ttl@plus=\dimen114
\ttl@minus=\dimen115
\ttl@toksa=\toks20
\titlewidth=\dimen116
\titlewidthlast=\dimen117
\titlewidthfirst=\dimen118
))
(/usr/local/texlive/2014/texmf-dist/tex/latex/appendix/appendix.sty
Package: appendix 2009/09/02 v1.2b extra appendix facilities
\c@@pps=\count101
\c@@ppsavesec=\count102
\c@@ppsaveapp=\count103
)
(./bold_paper.aux (./tex/title.aux) (./tex/abstract.aux)
(./tex/introduction.aux) (./tex/background.aux) (./tex/design.aux)
(./tex/results.aux) (./tex/conclusion.aux) (./tex/references.aux)
(./tex/appendix_a.aux) (./tex/appendix_b.aux) (./tex/appendix_c.aux)
(./tex/appendix_d.aux))
\openout1 = `bold_paper.aux'.

LaTeX Font Info:    Checking defaults for OML/cmm/m/it on input line 7.
LaTeX Font Info:    ... okay on input line 7.
LaTeX Font Info:    Checking defaults for T1/cmr/m/n on input line 7.
LaTeX Font Info:    ... okay on input line 7.
LaTeX Font Info:    Checking defaults for OT1/cmr/m/n on input line 7.
LaTeX Font Info:    ... okay on input line 7.
LaTeX Font Info:    Checking defaults for OMS/cmsy/m/n on input line 7.
LaTeX Font Info:    ... okay on input line 7.
LaTeX Font Info:    Checking defaults for OMX/cmex/m/n on input line 7.
LaTeX Font Info:    ... okay on input line 7.
LaTeX Font Info:    Checking defaults for U/cmr/m/n on input line 7.
LaTeX Font Info:    ... okay on input line 7.

(/usr/local/texlive/2014/texmf-dist/tex/context/base/supp-pdf.mkii
[Loading MPS to PDF converter (version 2006.09.02).]
\scratchcounter=\count104
\scratchdimen=\dimen119
\scratchbox=\box29
\nofMPsegments=\count105
\nofMParguments=\count106
\everyMPshowfont=\toks21
\MPscratchCnt=\count107
\MPscratchDim=\dimen120
\MPnumerator=\count108
\makeMPintoPDFobject=\count109
\everyMPtoPDFconversion=\toks22
) (/usr/local/texlive/2014/texmf-dist/tex/generic/oberdiek/pdftexcmds.sty
Package: pdftexcmds 2011/11/29 v0.20 Utility functions of pdfTeX for LuaTeX (HO
)

(/usr/local/texlive/2014/texmf-dist/tex/generic/oberdiek/ifluatex.sty
Package: ifluatex 2010/03/01 v1.3 Provides the ifluatex switch (HO)
Package ifluatex Info: LuaTeX not detected.
)
(/usr/local/texlive/2014/texmf-dist/tex/generic/oberdiek/ifpdf.sty
Package: ifpdf 2011/01/30 v2.3 Provides the ifpdf switch (HO)
Package ifpdf Info: pdfTeX in PDF mode is detected.
)
Package pdftexcmds Info: LuaTeX not detected.
Package pdftexcmds Info: \pdf@primitive is available.
Package pdftexcmds Info: \pdf@ifprimitive is available.
Package pdftexcmds Info: \pdfdraftmode found.
)
(/usr/local/texlive/2014/texmf-dist/tex/latex/oberdiek/epstopdf-base.sty
Package: epstopdf-base 2010/02/09 v2.5 Base part for package epstopdf

(/usr/local/texlive/2014/texmf-dist/tex/latex/oberdiek/grfext.sty
Package: grfext 2010/08/19 v1.1 Manage graphics extensions (HO)

(/usr/local/texlive/2014/texmf-dist/tex/generic/oberdiek/kvdefinekeys.sty
Package: kvdefinekeys 2011/04/07 v1.3 Define keys (HO)
))
(/usr/local/texlive/2014/texmf-dist/tex/latex/oberdiek/kvoptions.sty
Package: kvoptions 2011/06/30 v3.11 Key value format for package options (HO)

(/usr/local/texlive/2014/texmf-dist/tex/generic/oberdiek/kvsetkeys.sty
Package: kvsetkeys 2012/04/25 v1.16 Key value parser (HO)

(/usr/local/texlive/2014/texmf-dist/tex/generic/oberdiek/etexcmds.sty
Package: etexcmds 2011/02/16 v1.5 Avoid name clashes with e-TeX commands (HO)
Package etexcmds Info: Could not find \expanded.
(etexcmds)             That can mean that you are not using pdfTeX 1.50 or
(etexcmds)             that some package has redefined \expanded.
(etexcmds)             In the latter case, load this package earlier.
)))
Package grfext Info: Graphics extension search list:
(grfext)             [.png,.pdf,.jpg,.mps,.jpeg,.jbig2,.jb2,.PNG,.PDF,.JPG,.JPE
G,.JBIG2,.JB2,.eps]
(grfext)             \AppendGraphicsExtensions on input line 452.

(/usr/local/texlive/2014/texmf-dist/tex/latex/latexconfig/epstopdf-sys.cfg
File: epstopdf-sys.cfg 2010/07/13 v1.3 Configuration of (r)epstopdf for TeX Liv
e
))
\openout2 = `./tex/title.aux'.


(./tex/title.tex [1


{/usr/local/texlive/2014/texmf-var/fonts/map/pdftex/updmap/pdftex.map}]) (./bol
d_paper.toc [1


])
\tf@toc=\write3
\openout3 = `bold_paper.toc'.

 [2] (./bold_paper.lof)
\tf@lof=\write4
\openout4 = `bold_paper.lof'.

 [3

] [4]
(./bold_paper.lot)
\tf@lot=\write5
\openout5 = `bold_paper.lot'.

 [5

]
\openout2 = `./tex/abstract.aux'.

 (./tex/abstract.tex
Chapter 1.
) [1


]
\openout2 = `./tex/introduction.aux'.

 (./tex/introduction.tex
Chapter 2.
) [2



]
\openout2 = `./tex/background.aux'.

 (./tex/background.tex
Chapter 3.
<./img/zc702_top_level.PNG, id=31, 657.95813pt x 542.025pt>
File: ./img/zc702_top_level.PNG Graphic file (type png)

<use ./img/zc702_top_level.PNG>
Package pdftex.def Info: ./img/zc702_top_level.PNG used on input line 14.
(pdftex.def)             Requested size: 350.99762pt x 289.15758pt.


LaTeX Warning: `!h' float specifier changed to `!ht'.

[3



] <./img/zynq_top_level.PNG, id=36, 397.485pt x 253.69781pt>
File: ./img/zynq_top_level.PNG Graphic file (type png)

<use ./img/zynq_top_level.PNG>
Package pdftex.def Info: ./img/zynq_top_level.PNG used on input line 23.
(pdftex.def)             Requested size: 350.99762pt x 224.03285pt.


LaTeX Warning: `!h' float specifier changed to `!ht'.

[4 <./img/zc702_top_level.PNG>] [5 <./img/zynq_top_level.PNG>]
<./img/linux_kernel.png, id=45, 278.54062pt x 188.20313pt>
File: ./img/linux_kernel.png Graphic file (type png)

<use ./img/linux_kernel.png>
Package pdftex.def Info: ./img/linux_kernel.png used on input line 37.
(pdftex.def)             Requested size: 350.99762pt x 237.1659pt.
 [6 <./img/linux_kernel.png>] [7]
<./img/axi_pipeline.png, id=53, 659.1024pt x 359.9046pt>
File: ./img/axi_pipeline.png Graphic file (type png)

<use ./img/axi_pipeline.png>
Package pdftex.def Info: ./img/axi_pipeline.png used on input line 52.
(pdftex.def)             Requested size: 350.99762pt x 191.66014pt.

<./img/filter_example.jpg, id=54, 332.24126pt x 274.02374pt>
File: ./img/filter_example.jpg Graphic file (type jpg)

<use ./img/filter_example.jpg>
Package pdftex.def Info: ./img/filter_example.jpg used on input line 61.
(pdftex.def)             Requested size: 195.0pt x 160.83217pt.
 [8 <./img/axi_pipeline.png>] [9 <./img/filter_example.jpg>] <./img/filter_3x3_
template.PNG, id=62, 107.65219pt x 63.98906pt>
File: ./img/filter_3x3_template.PNG Graphic file (type png)

<use ./img/filter_3x3_template.PNG>
Package pdftex.def Info: ./img/filter_3x3_template.PNG used on input line 87.
(pdftex.def)             Requested size: 107.65192pt x 63.98889pt.

Overfull \hbox (3.47562pt too wide) in paragraph at lines 93--101
[][] 
 []


LaTeX Warning: `h' float specifier changed to `ht'.

[10 <./img/filter_3x3_template.PNG>]
<./img/bilinear_example.PNG, id=69, 691.08188pt x 258.9675pt>
File: ./img/bilinear_example.PNG Graphic file (type png)

<use ./img/bilinear_example.PNG>
Package pdftex.def Info: ./img/bilinear_example.PNG used on input line 110.
(pdftex.def)             Requested size: 350.99762pt x 131.5303pt.
 [11 <./img/bilinear_example.PNG>]) [12]
\openout2 = `./tex/design.aux'.


(./tex/design.tex
Chapter 4.
<./img/tiffFormat.png, id=78, 529.98pt x 364.36125pt>
File: ./img/tiffFormat.png Graphic file (type png)

<use ./img/tiffFormat.png>
Package pdftex.def Info: ./img/tiffFormat.png used on input line 17.
(pdftex.def)             Requested size: 284.52756pt x 195.6124pt.
 [13



] [14 <./img/tiffFormat.png>]
<./img/research_ui.png, id=87, 724.7075pt x 463.7325pt>
File: ./img/research_ui.png Graphic file (type png)

<use ./img/research_ui.png>
Package pdftex.def Info: ./img/research_ui.png used on input line 29.
(pdftex.def)             Requested size: 350.99762pt x 224.59863pt.
 [15 <./img/research_ui.png>] [16]

LaTeX Warning: File `./img/generic_hard_soft_framework.png' not found on input 
line 41.


! Package pdftex.def Error: File `./img/generic_hard_soft_framework.png' not fo
und.

See the pdftex.def package documentation for explanation.
Type  H <return>  for immediate help.
 ...                                              
                                                  
l.41 ...th]{./img/generic_hard_soft_framework.png}
                                                  
? 
[17] <./img/filter_software_framework.png, id=99, 515.526pt x 385.44pt>
File: ./img/filter_software_framework.png Graphic file (type png)

<use ./img/filter_software_framework.png>
Package pdftex.def Info: ./img/filter_software_framework.png used on input line
 53.
(pdftex.def)             Requested size: 350.99762pt x 262.43684pt.


LaTeX Warning: `h' float specifier changed to `ht'.

[18] <./img/filter_3x3_values.PNG, id=103, 143.03438pt x 60.97781pt>
File: ./img/filter_3x3_values.PNG Graphic file (type png)

<use ./img/filter_3x3_values.PNG>
Package pdftex.def Info: ./img/filter_3x3_values.PNG used on input line 72.
(pdftex.def)             Requested size: 143.03401pt x 60.97765pt.
 [19 <./img/filter_software_framework.png> <./img/filter_3x3_values.PNG>]
<./img/filter_9x9_values.PNG, id=110, 273.27094pt x 134.00063pt>
File: ./img/filter_9x9_values.PNG Graphic file (type png)

<use ./img/filter_9x9_values.PNG>
Package pdftex.def Info: ./img/filter_9x9_values.PNG used on input line 82.
(pdftex.def)             Requested size: 273.27025pt x 134.00027pt.


LaTeX Warning: File `./img/bilinear_software_framework.png' not found on input 
line 92.


! Package pdftex.def Error: File `./img/bilinear_software_framework.png' not fo
und.

See the pdftex.def package documentation for explanation.
Type  H <return>  for immediate help.
 ...                                              
                                                  
l.92 ...th]{./img/bilinear_software_framework.png}
                                                  
? 
[20 <./img/filter_9x9_values.PNG>] [21]
<./img/filter_hardware_software_framework.png, id=118, 516.0078pt x 292.4526pt>
File: ./img/filter_hardware_software_framework.png Graphic file (type png)
<use ./img/filter_hardware_software_framework.png>
Package pdftex.def Info: ./img/filter_hardware_software_framework.png used on i
nput line 118.
(pdftex.def)             Requested size: 350.99762pt x 198.93207pt.


LaTeX Warning: `h' float specifier changed to `ht'.

<./img/filter_hardware_framework.png, id=119, 516.0078pt x 352.1958pt>
File: ./img/filter_hardware_framework.png Graphic file (type png)

<use ./img/filter_hardware_framework.png>
Package pdftex.def Info: ./img/filter_hardware_framework.png used on input line
 125.
(pdftex.def)             Requested size: 350.99762pt x 239.57059pt.


LaTeX Warning: `h' float specifier changed to `ht'.

<./img/hardware_filter_3x3.png, id=120, 881.2122pt x 393.1488pt>
File: ./img/hardware_filter_3x3.png Graphic file (type png)

<use ./img/hardware_filter_3x3.png>
Package pdftex.def Info: ./img/hardware_filter_3x3.png used on input line 133.
(pdftex.def)             Requested size: 350.99762pt x 156.59685pt.


LaTeX Warning: `h' float specifier changed to `ht'.

) [22] [23 <./img/filter_hardware_software_framework.png>] [24 <./img/filter_ha
rdware_framework.png> <./img/hardware_filter_3x3.png>]
\openout2 = `./tex/results.aux'.

 (./tex/results.tex
Chapter 5.
) [25



]
\openout2 = `./tex/conclusion.aux'.

 (./tex/conclusion.tex
Chapter 6.
) [26



]
\openout2 = `./tex/references.aux'.

 (./tex/references.tex (./bold_paper.bbl)) [27



] [28



]
\openout2 = `./tex/appendix_a.aux'.


(./tex/appendix_a.tex
Appendix A.
) [29


]
\openout2 = `./tex/appendix_b.aux'.

 (./tex/appendix_b.tex
Appendix B.
) [30



]
\openout2 = `./tex/appendix_c.aux'.

 (./tex/appendix_c.tex
Appendix C.
) [31



]
\openout2 = `./tex/appendix_d.aux'.

 (./tex/appendix_d.tex
Appendix D.
) [32



] (./bold_paper.aux (./tex/title.aux) (./tex/abstract.aux)
(./tex/introduction.aux) (./tex/background.aux) (./tex/design.aux)
(./tex/results.aux) (./tex/conclusion.aux) (./tex/references.aux)
(./tex/appendix_a.aux) (./tex/appendix_b.aux) (./tex/appendix_c.aux)
(./tex/appendix_d.aux)) ) 
Here is how much of TeX's memory you used:
 2748 strings out of 493108
 38961 string characters out of 6134853
 104604 words of memory out of 5000000
 6073 multiletter control sequences out of 15000+600000
 10898 words of font info for 39 fonts, out of 8000000 for 9000
 1141 hyphenation exceptions out of 8191
 38i,15n,33p,1559b,230s stack positions out of 5000i,500n,10000p,200000b,80000s
</usr/local/texlive/2014/texmf-dist/fonts/type1/public
/amsfonts/cm/cmbx12.pfb></usr/local/texlive/2014/texmf-dist/fonts/type1/public/
amsfonts/cm/cmcsc10.pfb></usr/local/texlive/2014/texmf-dist/fonts/type1/public/
amsfonts/cm/cmmi12.pfb></usr/local/texlive/2014/texmf-dist/fonts/type1/public/a
msfonts/cm/cmr12.pfb></usr/local/texlive/2014/texmf-dist/fonts/type1/public/ams
fonts/cm/cmr8.pfb></usr/local/texlive/2014/texmf-dist/fonts/type1/public/amsfon
ts/cm/cmsy10.pfb></usr/local/texlive/2014/texmf-dist/fonts/type1/public/amsfont
s/cm/cmti12.pfb></usr/local/texlive/2014/texmf-dist/fonts/type1/public/amsfonts
/cm/cmtt12.pfb>
Output written on bold_paper.pdf (38 pages, 578277 bytes).
PDF statistics:
 190 PDF objects out of 1000 (max. 8388607)
 112 compressed objects within 2 object streams
 0 named destinations out of 1000 (max. 500000)
 76 words of extra memory for PDF output out of 10000 (max. 10000000)

